<?xml version="1.0" encoding="UTF-8"?>
<!-- Generated by org.testng.reporters.JUnitXMLReporter -->
<testsuite ignored="0" hostname="LAPTOP-310LT2KB" failures="0" tests="4" name="Regression" time="0.006" errors="0" timestamp="2021-10-27T15:31:04 EDT">
  <testcase classname="UI.GroupDemoTest" name="logintest" time="0.001"/>
  <testcase classname="UI.GroupDemoTest" name="logout" time="0.0"/>
  <testcase classname="UI.Login" name="logintest" time="0.001"/>
  <testcase classname="UI.Login" name="logout" time="0.001"/>
</testsuite> <!-- Regression -->
