<?xml version="1.0" encoding="UTF-8"?>
<testng-results ignored="0" total="2" passed="2" failed="0" skipped="0">
  <reporter-output>
    <line>
      <![CDATA[This is test 1]]>
    </line>
  </reporter-output>
  <suite started-at="2021-10-29T14:36:58 EDT" name="Default suite" finished-at="2021-10-29T14:36:58 EDT" duration-ms="32">
    <groups>
    </groups>
    <test started-at="2021-10-29T14:36:58 EDT" name="Default test" finished-at="2021-10-29T14:36:58 EDT" duration-ms="32">
      <class name="UI.ReportGenerator">
        <test-method signature="reporterTest1()[pri:0, instance:UI.ReportGenerator@63a12c68]" started-at="2021-10-29T14:36:58 EDT" name="reporterTest1" finished-at="2021-10-29T14:36:58 EDT" duration-ms="8" status="PASS">
          <reporter-output>
            <line>
              <![CDATA[This is test 1]]>
            </line>
          </reporter-output>
        </test-method> <!-- reporterTest1 -->
        <test-method signature="reporterTest2()[pri:0, instance:UI.ReportGenerator@63a12c68]" started-at="2021-10-29T14:36:58 EDT" name="reporterTest2" finished-at="2021-10-29T14:36:58 EDT" duration-ms="0" status="PASS">
          <reporter-output>
          </reporter-output>
        </test-method> <!-- reporterTest2 -->
      </class> <!-- UI.ReportGenerator -->
    </test> <!-- Default test -->
  </suite> <!-- Default suite -->
</testng-results>
